<?xml version="1.0" encoding="UTF-8"?>
<Site BuildName="(empty)"
	BuildStamp="20260201-1115-Experimental"
	Name="(empty)"
	Generator="ctest-3.25.1"
	CompilerName=""
	CompilerVersion=""
	OSName="Linux"
	Hostname="raspberrypi"
	OSRelease="6.12.47+rpt-rpi-v8"
	OSVersion="#1 SMP PREEMPT Debian 1:6.12.47-1+rpt1~bookworm (2025-09-16)"
	OSPlatform="aarch64"
	Is64Bits="1"
	VendorString=""
	VendorID="Unknown Manufacturer"
	FamilyID="8"
	ModelID="0"
	ProcessorCacheSize="0"
	NumberOfLogicalCPU="4"
	NumberOfPhysicalCPU="1"
	TotalVirtualMemory="511"
	TotalPhysicalMemory="7955"
	LogicalProcessorsPerPhysical="4"
	ProcessorClockFrequency="0"
	>
	<Testing>
		<StartDateTime>Feb 01 12:15 CET</StartDateTime>
		<StartTestTime>1769944521</StartTestTime>
		<TestList/>
		<EndDateTime>Feb 01 12:15 CET</EndDateTime>
		<EndTestTime>1769944521</EndTestTime>
		<ElapsedMinutes>0</ElapsedMinutes>
	</Testing>
</Site>
