<?xml version="1.0" encoding="UTF-8"?>
<Site BuildName="(empty)"
	BuildStamp="20260129-1317-Experimental"
	Name="(empty)"
	Generator="ctest-3.25.1"
	CompilerName=""
	CompilerVersion=""
	OSName="Linux"
	Hostname="raspberrypi"
	OSRelease="6.12.47+rpt-rpi-v8"
	OSVersion="#1 SMP PREEMPT Debian 1:6.12.47-1+rpt1~bookworm (2025-09-16)"
	OSPlatform="aarch64"
	Is64Bits="1"
	VendorString=""
	VendorID="Unknown Manufacturer"
	FamilyID="8"
	ModelID="0"
	ProcessorCacheSize="0"
	NumberOfLogicalCPU="4"
	NumberOfPhysicalCPU="1"
	TotalVirtualMemory="511"
	TotalPhysicalMemory="7955"
	LogicalProcessorsPerPhysical="4"
	ProcessorClockFrequency="0"
	>
	<Testing>
		<StartDateTime>Jan 29 14:27 CET</StartDateTime>
		<StartTestTime>1769693261</StartTestTime>
		<TestList>
			<Test>./runs_minesweeper</Test>
		</TestList>
		<Test Status="passed">
			<Name>runs_minesweeper</Name>
			<Path>.</Path>
			<FullName>./runs_minesweeper</FullName>
			<FullCommandLine>/home/dawidg81/minesweeper/build/minesweeper</FullCommandLine>
			<Results>
				<NamedMeasurement type="numeric/double" name="Execution Time">
					<Value>0.00266101</Value>
				</NamedMeasurement>
				<NamedMeasurement type="numeric/double" name="Processors">
					<Value>1</Value>
				</NamedMeasurement>
				<NamedMeasurement type="text/string" name="Completion Status">
					<Value>Completed</Value>
				</NamedMeasurement>
				<NamedMeasurement type="text/string" name="Command Line">
					<Value>/home/dawidg81/minesweeper/build/minesweeper</Value>
				</NamedMeasurement>
				<NamedMeasurement type="text/string" name="Environment">
					<Value>#CTEST_RESOURCE_GROUP_COUNT=</Value>
				</NamedMeasurement>
				<Measurement>
					<Value>Welcome to minesweeper 0.1.0

Select difficulty:
1. Easy
2. Medium
3. Hard
4. Custom
Difficulty: 
</Value>
				</Measurement>
			</Results>
		</Test>
		<EndDateTime>Jan 29 14:27 CET</EndDateTime>
		<EndTestTime>1769693261</EndTestTime>
		<ElapsedMinutes>0</ElapsedMinutes>
	</Testing>
</Site>
